<?xml version="1.0" encoding="UTF-8"?>
<testsuite xmlns:xsi="http://www.w3.org/2001/XMLSchema-instance" xsi:noNamespaceSchemaLocation="https://maven.apache.org/surefire/maven-surefire-plugin/xsd/surefire-test-report-3.0.xsd" version="3.0" name="tn.supcom.appsec.security.TestJwtManager" time="0.357" tests="3" errors="0" skipped="0" failures="0">
  <properties>
[...]
</properties>
  <testcase name="testSignatureFromAPI" classname="tn.supcom.appsec.security.TestJwtManager" time="0.178"/>
  <testcase name="testKeyPairGeneration" classname="tn.supcom.appsec.security.TestJwtManager" time="0.063"/>
  <testcase name="testGenerateTokenAndVerifyToken" classname="tn.supcom.appsec.security.TestJwtManager" time="0.067"/>
</testsuite>